00:15:47 **** Build of configuration Nios II for project gurt_again ****
make all 
Info: Building ../gurt_again_bsp/
D:/intelFPGA/18.1/nios2eds/bin/gnu/H-x86_64-mingw32/bin/make --no-print-directory -C ../gurt_again_bsp/
[BSP build complete]
Info: Compiling hello_world.c to obj/default/hello_world.o
nios2-elf-gcc -xc -MP -MMD -c -I../gurt_again_bsp//HAL/inc -I../gurt_again_bsp/ -I../gurt_again_bsp//drivers/inc  -pipe -D__hal__ -DALT_NO_INSTRUCTION_EMULATION -DALT_SINGLE_THREADED    -O0 -g -Wall   -mno-hw-div -mno-hw-mul -mno-hw-mulx -mgpopt=global  -o obj/default/hello_world.o hello_world.c
Info: Linking gurt_again.elf
nios2-elf-g++  -T'../gurt_again_bsp//linker.x' -msys-crt0='../gurt_again_bsp//obj/HAL/src/crt0.o' -msys-lib=hal_bsp -L../gurt_again_bsp/   -Wl,-Map=gurt_again.map   -O0 -g -Wall   -mno-hw-div -mno-hw-mul -mno-hw-mulx -mgpopt=global  -o gurt_again.elf obj/default/hello_world.o -lm -msys-lib=m
nios2-elf-insert gurt_again.elf --thread_model hal --cpu_name cpu --qsys true --simulation_enabled false --stderr_dev jtag_uart --stdin_dev jtag_uart --stdout_dev jtag_uart --sopc_system_name Nios_System_2A --quartus_project_dir "D:/FknWork/Non-Critical" --sopcinfo D:/FknWork/Non-Critical/software/gurt_again_bsp/../../Nios_System_2A.sopcinfo
Info: (gurt_again.elf) 28 KBytes program size (code + initialized data).
Info:                  65500 KBytes free for stack + heap.
Info: Creating gurt_again.objdump
nios2-elf-objdump --disassemble --syms --all-header --source gurt_again.elf >gurt_again.objdump
[gurt_again build complete]
00:15:57 **** Build of configuration Nios II for project gurt_again ****
make all 
Info: Building ../gurt_again_bsp/
D:/intelFPGA/18.1/nios2eds/bin/gnu/H-x86_64-mingw32/bin/make --no-print-directory -C ../gurt_again_bsp/
[BSP build complete]
[gurt_again build complete]
00:16:12 **** Incremental Build of configuration Nios II for project gurt_again ****
make all 
Info: Building ../gurt_again_bsp/
D:/intelFPGA/18.1/nios2eds/bin/gnu/H-x86_64-mingw32/bin/make --no-print-directory -C ../gurt_again_bsp/
[BSP build complete]
[gurt_again build complete]
